<?xml version="1.0" encoding="utf-8" standalone="no"?>
<!--This file represents the results of running a test suite-->
<test-results name="/Users/thomasdhaen/Projects/CakeXamarin/CakeXamarinTest/bin/Debug/CakeXamarinTest.dll" total="4" errors="0" failures="0" not-run="0" inconclusive="0" ignored="0" skipped="0" invalid="0" date="2018-03-18" time="18:42:33">
  <environment nunit-version="2.6.4.14350" clr-version="4.0.30319.42000" os-version="Unix 17.2.0.0" platform="Unix" cwd="/Users/thomasdhaen/Projects/CakeXamarin" machine-name="Thomass-MacBook-Pro.local" user="thomasdhaen" user-domain="Thomass-MacBook-Pro.local" />
  <culture-info current-culture="en-US" current-uiculture="en-US" />
  <test-suite type="Assembly" name="/Users/thomasdhaen/Projects/CakeXamarin/CakeXamarinTest/bin/Debug/CakeXamarinTest.dll" executed="True" result="Success" success="True" time="0.048" asserts="0">
    <results>
      <test-suite type="Namespace" name="CakeXamarinTest" executed="True" result="Success" success="True" time="0.042" asserts="0">
        <results>
          <test-suite type="TestFixture" name="Test" executed="True" result="Success" success="True" time="0.042" asserts="0">
            <results>
              <test-case name="CakeXamarinTest.Test.Add" executed="True" result="Success" success="True" time="0.031" asserts="1" />
              <test-case name="CakeXamarinTest.Test.Divide" executed="True" result="Success" success="True" time="0.000" asserts="1" />
              <test-case name="CakeXamarinTest.Test.Multiply" executed="True" result="Success" success="True" time="0.000" asserts="1" />
              <test-case name="CakeXamarinTest.Test.Subtract" executed="True" result="Success" success="True" time="0.000" asserts="1" />
            </results>
          </test-suite>
        </results>
      </test-suite>
    </results>
  </test-suite>
</test-results>